[debug] [2018-12-12T15:13:19.518Z] ----------------------------------------------------------------------
[debug] [2018-12-12T15:13:19.520Z] Command:       /usr/local/bin/node /usr/local/bin/firebase init
[debug] [2018-12-12T15:13:19.520Z] CLI Version:   6.1.2
[debug] [2018-12-12T15:13:19.520Z] Platform:      darwin
[debug] [2018-12-12T15:13:19.520Z] Node Version:  v10.14.1
[debug] [2018-12-12T15:13:19.520Z] Time:          Wed Dec 12 2018 12:13:19 GMT-0300 (Argentina Standard Time)
[debug] [2018-12-12T15:13:19.520Z] ----------------------------------------------------------------------
[debug] 
[debug] [2018-12-12T15:13:19.526Z] > command requires scopes: ["email","openid","https://www.googleapis.com/auth/cloudplatformprojects.readonly","https://www.googleapis.com/auth/firebase","https://www.googleapis.com/auth/cloud-platform"]
[debug] [2018-12-12T15:13:19.526Z] > authorizing via signed-in user
[info] 
     ######## #### ########  ######## ########     ###     ######  ########
     ##        ##  ##     ## ##       ##     ##  ##   ##  ##       ##
     ######    ##  ########  ######   ########  #########  ######  ######
     ##        ##  ##    ##  ##       ##     ## ##     ##       ## ##
     ##       #### ##     ## ######## ########  ##     ##  ######  ########

You're about to initialize a Firebase project in this directory:

  /Users/maxiarce/Dropbox/Projects Kotlin/RandoomMessenger

[info] 
=== Project Setup
[info] 
[info] First, let's associate this project directory with a Firebase project.
[info] You can create multiple project aliases by running firebase use --add, 
[info] but for now we'll just set up a default project.
[info] 
[debug] [2018-12-12T15:13:22.546Z] > refreshing access token with scopes: ["email","https://www.googleapis.com/auth/cloud-platform","https://www.googleapis.com/auth/cloudplatformprojects.readonly","https://www.googleapis.com/auth/firebase","openid"]
[debug] [2018-12-12T15:13:22.546Z] >>> HTTP REQUEST POST https://www.googleapis.com/oauth2/v3/token  
 <request body omitted>
[debug] [2018-12-12T15:13:24.502Z] <<< HTTP RESPONSE 200
[debug] [2018-12-12T15:13:24.511Z] >>> HTTP REQUEST GET https://firebase.googleapis.com/v1beta1/projects?page_size=100  
 
[debug] [2018-12-12T15:13:25.819Z] <<< HTTP RESPONSE 200
[debug] [2018-12-12T15:13:33.296Z] TypeError: Cannot read property 'setRawMode' of null
    at ReadStream.setRawMode (tty.js:66:28)
    at Interface._setRawMode (readline.js:251:16)
    at Interface.close (readline.js:376:10)
    at ReadStream.ontermend (readline.js:164:10)
    at ReadStream.emit (events.js:187:15)
    at ReadStream.EventEmitter.emit (domain.js:442:20)
    at endReadableNT (_stream_readable.js:1094:12)
    at process._tickCallback (internal/process/next_tick.js:63:19)
